Environment Research
Architectural Survey
Research Design / Data Recovery Plan
Site Stewardship Monitoring
Remote Sensing
Architectural Documentation
Data Recovery / Excavation
Ground Disturbance Monitoring
Ethnohistoric Research
Heritage Management
Ethnographic Research
Geophysical Survey
Methodology, Theory, or Synthesis
Records Search / Inventory Checking
Consultation
Historic Background Research
Reconnaissance / Survey
Collections Research
Systematic Survey
Site Evaluation / Testing
Archaeological Overview
Bioarchaeological Research
Site Stabilization